[error][hh:mm:ss 15:38:41][main.cpp:98][main]listening
[error][hh:mm:ss 15:39:01][main.cpp:29][accept_conn_cb]http: 0x24c44b0
[error][hh:mm:ss 15:39:01][main.cpp:35][accept_conn_cb]accept from:127.0.0.1
[error][hh:mm:ss 15:39:01][http.cpp:50][read_cb]read
[error][hh:mm:ss 15:39:01][http.cpp:206][parse_request_line]method: GET
[error][hh:mm:ss 15:39:01][http.cpp:207][parse_request_line]path: /
[error][hh:mm:ss 15:39:01][http.cpp:208][parse_request_line]version: HTTP/1.1
[error][hh:mm:ss 15:39:01][http.cpp:266][parse_header]Host : 127.0.0.1
[error][hh:mm:ss 15:39:01][http.cpp:266][parse_header]Connection : keep-alive
[error][hh:mm:ss 15:39:01][http.cpp:266][parse_header]Upgrade-Insecure-Requests : 1
[error][hh:mm:ss 15:39:01][http.cpp:266][parse_header]User-Agent : Mozilla/5.0
[error][hh:mm:ss 15:39:01][http.cpp:266][parse_header]Accept : text/html,application/xhtml+xml,application/xml;q=0.9,image/webp,image/apng,*/*;q=0.8
[error][hh:mm:ss 15:39:01][http.cpp:266][parse_header]Accept-Encoding : gzip,
[error][hh:mm:ss 15:39:01][http.cpp:266][parse_header]Accept-Language : en-US,en;q=0.9
[error][hh:mm:ss 15:39:01][http.cpp:279][parse_msg_body]msg_body is empty
[error][hh:mm:ss 15:39:01][http.cpp:323][excute]excute
[error][hh:mm:ss 15:39:01][http.cpp:343][excute]./files/index.html
[error][hh:mm:ss 15:39:01][http.cpp:355][excute]file
[error][hh:mm:ss 15:39:01][http.cpp:475][send_file]./files/index.html, 71
[error][hh:mm:ss 15:39:01][http.cpp:493][send_file]13 .html
[error][hh:mm:ss 15:39:01][http.cpp:495][send_file]Content-type: text/html

[error][hh:mm:ss 15:39:01][http.cpp:74][write_cb]empty
[error][hh:mm:ss 15:39:01][http.cpp:162][~Http]~Http
[error][hh:mm:ss 15:39:01][main.cpp:29][accept_conn_cb]http: 0x24c44b0
[error][hh:mm:ss 15:39:01][main.cpp:35][accept_conn_cb]accept from:127.0.0.1
[error][hh:mm:ss 15:39:01][main.cpp:29][accept_conn_cb]http: 0x24c55a0
[error][hh:mm:ss 15:39:01][main.cpp:35][accept_conn_cb]accept from:127.0.0.1
[error][hh:mm:ss 15:39:01][http.cpp:50][read_cb]read
[error][hh:mm:ss 15:39:01][http.cpp:206][parse_request_line]method: GET
[error][hh:mm:ss 15:39:01][http.cpp:207][parse_request_line]path: /favicon.ico
[error][hh:mm:ss 15:39:01][http.cpp:208][parse_request_line]version: HTTP/1.1
[error][hh:mm:ss 15:39:01][http.cpp:266][parse_header]Host : 127.0.0.1
[error][hh:mm:ss 15:39:01][http.cpp:266][parse_header]Connection : keep-alive
[error][hh:mm:ss 15:39:01][http.cpp:266][parse_header]User-Agent : Mozilla/5.0
[error][hh:mm:ss 15:39:01][http.cpp:266][parse_header]Accept : image/webp,image/apng,image/*,*/*;q=0.8
[error][hh:mm:ss 15:39:01][http.cpp:266][parse_header]Referer : http
[error][hh:mm:ss 15:39:01][http.cpp:266][parse_header]Accept-Encoding : gzip,
[error][hh:mm:ss 15:39:01][http.cpp:266][parse_header]Accept-Language : en-US,en;q=0.9
[error][hh:mm:ss 15:39:01][http.cpp:279][parse_msg_body]msg_body is empty
[error][hh:mm:ss 15:39:01][http.cpp:323][excute]excute
[error][hh:mm:ss 15:39:01][http.cpp:343][excute]./files/favicon.ico
[error][hh:mm:ss 15:39:01][http.cpp:348][excute]No such file or directory
[error][hh:mm:ss 15:39:01][http.cpp:74][write_cb]empty
[error][hh:mm:ss 15:39:01][http.cpp:162][~Http]~Http
